Using pre-set license
Built from '2020.3/staging' branch; Version is '2020.3.22f1 (e1a7f79fd887) revision 14788599'; Using compiler version '192528614'; Build Type 'Release'
OS: 'Windows 10 Home; OS build 19043.1586; Version 2009; 64bit' Language: 'en' Physical Memory: 16284 MB
BatchMode: 1, IsHumanControllingUs: 0, StartBugReporterOnCrash: 0, Is64bit: 1, IsPro: 0

COMMAND LINE ARGUMENTS:
C:\Program Files\Unity\Hub\Editor\2019.2.15f1\Editor\2020.3.22f1\Editor\Unity.exe
-adb2
-batchMode
-noUpm
-name
AssetImportWorker0
-projectPath
C:/Users/rjuni/Documents/UnityProjects/LateNightDesertDelivery
-logFile
Logs/AssetImportWorker0.log
-srvPort
63204
Successfully changed project path to: C:/Users/rjuni/Documents/UnityProjects/LateNightDesertDelivery
C:/Users/rjuni/Documents/UnityProjects/LateNightDesertDelivery
Using Asset Import Pipeline V2.
Refreshing native plugins compatible for Editor in 82.17 ms, found 2 plugins.
Preloading 0 native plugins for Editor in 0.00 ms.
Initialize engine version: 2020.3.22f1 (e1a7f79fd887)
[Subsystems] Discovering subsystems at path C:/Program Files/Unity/Hub/Editor/2019.2.15f1/Editor/2020.3.22f1/Editor/Data/Resources/UnitySubsystems
[Subsystems] Discovering subsystems at path C:/Users/rjuni/Documents/UnityProjects/LateNightDesertDelivery/Assets
GfxDevice: creating device client; threaded=0
Direct3D:
    Version:  Direct3D 11.0 [level 11.1]
    Renderer: NVIDIA GeForce GTX 1070 (ID=0x1b81)
    Vendor:   
    VRAM:     8088 MB
    Driver:   30.0.14.9709
Initialize mono
Mono path[0] = 'C:/Program Files/Unity/Hub/Editor/2019.2.15f1/Editor/2020.3.22f1/Editor/Data/Managed'
Mono path[1] = 'C:/Program Files/Unity/Hub/Editor/2019.2.15f1/Editor/2020.3.22f1/Editor/Data/MonoBleedingEdge/lib/mono/unityjit'
Mono config path = 'C:/Program Files/Unity/Hub/Editor/2019.2.15f1/Editor/2020.3.22f1/Editor/Data/MonoBleedingEdge/etc'
Using monoOptions --debugger-agent=transport=dt_socket,embedding=1,server=y,suspend=n,address=127.0.0.1:56224
Begin MonoManager ReloadAssembly
Registering precompiled unity dll's ...
Register platform support module: C:/Program Files/Unity/Hub/Editor/2019.2.15f1/Editor/2020.3.22f1/Editor/Data/PlaybackEngines/WebGLSupport/UnityEditor.WebGL.Extensions.dll
Register platform support module: C:/Program Files/Unity/Hub/Editor/2019.2.15f1/Editor/2020.3.22f1/Editor/Data/PlaybackEngines/MacStandaloneSupport/UnityEditor.OSXStandalone.Extensions.dll
Register platform support module: C:/Program Files/Unity/Hub/Editor/2019.2.15f1/Editor/2020.3.22f1/Editor/Data/PlaybackEngines/WindowsStandaloneSupport/UnityEditor.WindowsStandalone.Extensions.dll
Register platform support module: C:/Program Files/Unity/Hub/Editor/2019.2.15f1/Editor/2020.3.22f1/Editor/Data/PlaybackEngines/LinuxStandaloneSupport/UnityEditor.LinuxStandalone.Extensions.dll
Registered in 0.006828 seconds.
Native extension for LinuxStandalone target not found
Native extension for WindowsStandalone target not found
Native extension for OSXStandalone target not found
Native extension for WebGL target not found
Refreshing native plugins compatible for Editor in 70.93 ms, found 2 plugins.
Preloading 0 native plugins for Editor in 0.00 ms.
Mono: successfully reloaded assembly
- Completed reload, in  1.690 seconds
Domain Reload Profiling:
	ReloadAssembly (1690ms)
		BeginReloadAssembly (76ms)
			ExecutionOrderSort (0ms)
			DisableScriptedObjects (0ms)
			BackupInstance (0ms)
			ReleaseScriptingObjects (0ms)
			CreateAndSetChildDomain (1ms)
		EndReloadAssembly (589ms)
			LoadAssemblies (73ms)
			RebuildTransferFunctionScriptingTraits (0ms)
			SetupTypeCache (205ms)
			ReleaseScriptCaches (0ms)
			RebuildScriptCaches (36ms)
			SetupLoadedEditorAssemblies (225ms)
				LogAssemblyErrors (0ms)
				InitializePlatformSupportModulesInManaged (8ms)
				SetLoadedEditorAssemblies (0ms)
				RefreshPlugins (71ms)
				BeforeProcessingInitializeOnLoad (18ms)
				ProcessInitializeOnLoadAttributes (95ms)
				ProcessInitializeOnLoadMethodAttributes (32ms)
				AfterProcessingInitializeOnLoad (0ms)
				EditorAssembliesLoaded (0ms)
			ExecutionOrderSort2 (0ms)
			AwakeInstancesAfterBackupRestoration (0ms)
Platform modules already initialized, skipping
Registering precompiled user dll's ...
Registered in 0.007339 seconds.
Begin MonoManager ReloadAssembly
Native extension for LinuxStandalone target not found
Native extension for WindowsStandalone target not found
Native extension for OSXStandalone target not found
Native extension for WebGL target not found
Refreshing native plugins compatible for Editor in 77.98 ms, found 2 plugins.
Preloading 0 native plugins for Editor in 0.00 ms.
Mono: successfully reloaded assembly
- Completed reload, in  2.474 seconds
Domain Reload Profiling:
	ReloadAssembly (2476ms)
		BeginReloadAssembly (184ms)
			ExecutionOrderSort (0ms)
			DisableScriptedObjects (6ms)
			BackupInstance (0ms)
			ReleaseScriptingObjects (0ms)
			CreateAndSetChildDomain (21ms)
		EndReloadAssembly (2220ms)
			LoadAssemblies (107ms)
			RebuildTransferFunctionScriptingTraits (0ms)
			SetupTypeCache (375ms)
			ReleaseScriptCaches (1ms)
			RebuildScriptCaches (59ms)
			SetupLoadedEditorAssemblies (1480ms)
				LogAssemblyErrors (0ms)
				InitializePlatformSupportModulesInManaged (9ms)
				SetLoadedEditorAssemblies (0ms)
				RefreshPlugins (78ms)
				BeforeProcessingInitializeOnLoad (119ms)
				ProcessInitializeOnLoadAttributes (1236ms)
				ProcessInitializeOnLoadMethodAttributes (21ms)
				AfterProcessingInitializeOnLoad (16ms)
				EditorAssembliesLoaded (1ms)
			ExecutionOrderSort2 (0ms)
			AwakeInstancesAfterBackupRestoration (14ms)
Platform modules already initialized, skipping
========================================================================
Worker process is ready to serve import requests
Launched and connected shader compiler UnityShaderCompiler.exe after 0.25 seconds
Refreshing native plugins compatible for Editor in 0.61 ms, found 2 plugins.
Preloading 0 native plugins for Editor in 0.00 ms.
Unloading 3286 Unused Serialized files (Serialized files now loaded: 0)
System memory in use before: 154.9 MB.
System memory in use after: 155.1 MB.

Unloading 23 unused Assets to reduce memory usage. Loaded Objects now: 3739.
Total: 40.915500 ms (FindLiveObjects: 0.469200 ms CreateObjectMapping: 0.146500 ms MarkObjects: 39.947900 ms  DeleteObjects: 0.350300 ms)

AssetImportParameters requested are different than current active one (requested -> active):
  custom:framework-win-MediaFoundation: 216162199b28c13a410421893ffa2e32 -> 
  custom:video-decoder-ogg-theora: a1e56fd34408186e4bbccfd4996cb3dc -> 
  custom:container-muxer-webm: aa71ff27fc2769a1b78a27578f13a17b -> 
  custom:container-demuxer-webm: 4f35f7cbe854078d1ac9338744f61a02 -> 
  custom:container-demuxer-ogg: 62fdf1f143b41e24485cea50d1cbac27 -> 
  custom:video-encoder-webm-vp8: eb34c28f22e8b96e1ab97ce403110664 -> 
  custom:video-codec-MediaFoundation-h265: 746d11721c4dcdbdad8f713fa42b33f4 -> 
  custom:video-decoder-webm-vp8: 9c59270c3fd7afecdb556c50c9e8de78 -> 
  custom:audio-decoder-ogg-vorbis: bf7c407c2cedff20999df2af8eb42d56 -> 
  custom:audio-encoder-webm-vorbis: bf7c407c2cedff20999df2af8eb42d56 -> 
========================================================================
Received Import Request.
  path: Assets/Art/Character/NakedClementine/ClementineS2_LateNightChar.fbx
  artifactKey: Guid(2b38a9bb84f02ea4aba67c31d33c26fc) Importer(815301076,1909f56bfc062723c751e8b465ee728b)
Start importing Assets/Art/Character/NakedClementine/ClementineS2_LateNightChar.fbx using Guid(2b38a9bb84f02ea4aba67c31d33c26fc) Importer(815301076,1909f56bfc062723c751e8b465ee728b)  -> (artifact id: '27dc78111edc3a545ff6c38bb6a21ab5') in 1.417211 seconds 
  Import took 1.433990 seconds .

========================================================================
Received Import Request.
  Time since last request: 0.000309 seconds.
  path: Assets/Art/Character/Accents.mat
  artifactKey: Guid(5a687456205ad9f49a553ace6b5f76ac) Importer(815301076,1909f56bfc062723c751e8b465ee728b)
Start importing Assets/Art/Character/Accents.mat using Guid(5a687456205ad9f49a553ace6b5f76ac) Importer(815301076,1909f56bfc062723c751e8b465ee728b)  -> (artifact id: '645413a6da41da41bb3be35fe2eacef2') in 0.156666 seconds 
  Import took 0.170507 seconds .

========================================================================
Received Import Request.
  Time since last request: 0.000199 seconds.
  path: Assets/Art/Character/NakedClementine
  artifactKey: Guid(00e262f56605a38469436d2e76205a04) Importer(815301076,1909f56bfc062723c751e8b465ee728b)
Start importing Assets/Art/Character/NakedClementine using Guid(00e262f56605a38469436d2e76205a04) Importer(815301076,1909f56bfc062723c751e8b465ee728b)  -> (artifact id: '235b36d5779c2c1fbe3ed014a580da56') in 0.013108 seconds 
  Import took 0.021255 seconds .

========================================================================
Received Import Request.
  Time since last request: 179.877059 seconds.
  path: Assets/Art/Character/NakedClementine/ClementineS2_LateNightChar.fbx
  artifactKey: Guid(2b38a9bb84f02ea4aba67c31d33c26fc) Importer(815301076,1909f56bfc062723c751e8b465ee728b)
Start importing Assets/Art/Character/NakedClementine/ClementineS2_LateNightChar.fbx using Guid(2b38a9bb84f02ea4aba67c31d33c26fc) Importer(815301076,1909f56bfc062723c751e8b465ee728b)  -> (artifact id: '6e5c3363ba9e70babbc686335e47e89e') in 0.100576 seconds 
  Import took 0.110535 seconds .

========================================================================
Received Import Request.
  Time since last request: 106.249891 seconds.
  path: Assets/Art/Character/NakedClementine/ClementineS2_LateNightChar.dae
  artifactKey: Guid(a3939111d015b0e4f8326560c9c0164c) Importer(815301076,1909f56bfc062723c751e8b465ee728b)
Start importing Assets/Art/Character/NakedClementine/ClementineS2_LateNightChar.dae using Guid(a3939111d015b0e4f8326560c9c0164c) Importer(815301076,1909f56bfc062723c751e8b465ee728b)  -> (artifact id: 'f6dfbd367efffccca06c8c6f046de266') in 0.158216 seconds 
  Import took 0.166959 seconds .

========================================================================
Received Import Request.
  Time since last request: 0.000265 seconds.
  path: Assets/Art/Character/NakedClementine/eye_d_RGB.png
  artifactKey: Guid(f5ef3909a1ce8e5418fe1e74ee121c8d) Importer(815301076,1909f56bfc062723c751e8b465ee728b)
Start importing Assets/Art/Character/NakedClementine/eye_d_RGB.png using Guid(f5ef3909a1ce8e5418fe1e74ee121c8d) Importer(815301076,1909f56bfc062723c751e8b465ee728b)  -> (artifact id: 'fc5bdb48a56977cd8f2eb8bd28bd85a7') in 0.059491 seconds 
  Import took 0.065362 seconds .

========================================================================
Received Import Request.
  Time since last request: 0.000210 seconds.
  path: Assets/Art/Character/NakedClementine/hair_locks_corrected.png
  artifactKey: Guid(0fb0a301f0f515542b6fbf45043338b6) Importer(815301076,1909f56bfc062723c751e8b465ee728b)
Start importing Assets/Art/Character/NakedClementine/hair_locks_corrected.png using Guid(0fb0a301f0f515542b6fbf45043338b6) Importer(815301076,1909f56bfc062723c751e8b465ee728b)  -> (artifact id: '2ac662ed25cbcd5beead74b2f379747e') in 0.014527 seconds 
  Import took 0.022681 seconds .

========================================================================
Received Import Request.
  Time since last request: 0.000308 seconds.
  path: Assets/Art/Character/NakedClementine/hair_RGB.png
  artifactKey: Guid(4913ed86883d81f4988ec3d2f6b501d3) Importer(815301076,1909f56bfc062723c751e8b465ee728b)
Start importing Assets/Art/Character/NakedClementine/hair_RGB.png using Guid(4913ed86883d81f4988ec3d2f6b501d3) Importer(815301076,1909f56bfc062723c751e8b465ee728b)  -> (artifact id: '7f30de501d7e99c53396abd2449f9130') in 0.014823 seconds 
  Import took 0.021789 seconds .

========================================================================
Received Import Request.
  Time since last request: 0.000208 seconds.
  path: Assets/Art/Character/NakedClementine/faceneckhands_RGB.png
  artifactKey: Guid(d510018914cb47a40a4025d3589076d5) Importer(815301076,1909f56bfc062723c751e8b465ee728b)
Start importing Assets/Art/Character/NakedClementine/faceneckhands_RGB.png using Guid(d510018914cb47a40a4025d3589076d5) Importer(815301076,1909f56bfc062723c751e8b465ee728b)  -> (artifact id: '47e2377f2803b489b03733776d087b5d') in 0.015463 seconds 
  Import took 0.023249 seconds .

========================================================================
Received Import Request.
  Time since last request: 0.000251 seconds.
  path: Assets/Art/Character/NakedClementine/nudebody_RGB.png
  artifactKey: Guid(d04025034ca09e94488fd5aa23335122) Importer(815301076,1909f56bfc062723c751e8b465ee728b)
Start importing Assets/Art/Character/NakedClementine/nudebody_RGB.png using Guid(d04025034ca09e94488fd5aa23335122) Importer(815301076,1909f56bfc062723c751e8b465ee728b)  -> (artifact id: 'a9f30219f7629ded312aacfa2ed2a942') in 0.014224 seconds 
  Import took 0.021886 seconds .

========================================================================
Received Import Request.
  Time since last request: 0.000220 seconds.
  path: Assets/Art/Character/NakedClementine/mouth_RGB.png
  artifactKey: Guid(3ec4942885fd0844b84bd8aa4cccbd3f) Importer(815301076,1909f56bfc062723c751e8b465ee728b)
Start importing Assets/Art/Character/NakedClementine/mouth_RGB.png using Guid(3ec4942885fd0844b84bd8aa4cccbd3f) Importer(815301076,1909f56bfc062723c751e8b465ee728b)  -> (artifact id: 'b5c40b87b39d1d64969d93734b77fc5f') in 0.016935 seconds 
  Import took 0.025258 seconds .

========================================================================
Received Import Request.
  Time since last request: 0.000202 seconds.
  path: Assets/Art/Character/NakedClementine/ClementineS2_LateNightChar.fbx
  artifactKey: Guid(2b38a9bb84f02ea4aba67c31d33c26fc) Importer(815301076,1909f56bfc062723c751e8b465ee728b)
Start importing Assets/Art/Character/NakedClementine/ClementineS2_LateNightChar.fbx using Guid(2b38a9bb84f02ea4aba67c31d33c26fc) Importer(815301076,1909f56bfc062723c751e8b465ee728b)  -> (artifact id: '87b10592c7d47ac557918194c29f5eed') in 0.095689 seconds 
  Import took 0.104897 seconds .

========================================================================
Received Import Request.
  Time since last request: 0.000251 seconds.
  path: Assets/Art/Character/NakedClementine/eyelash_corrected.png
  artifactKey: Guid(82ab42dbf04ffb048ad5a745d5ef4f19) Importer(815301076,1909f56bfc062723c751e8b465ee728b)
Start importing Assets/Art/Character/NakedClementine/eyelash_corrected.png using Guid(82ab42dbf04ffb048ad5a745d5ef4f19) Importer(815301076,1909f56bfc062723c751e8b465ee728b)  -> (artifact id: '7ea5d41abb61031c47b64a76c2f3583c') in 0.015200 seconds 
  Import took 0.022323 seconds .

========================================================================
Received Import Request.
  Time since last request: 182.651213 seconds.
  path: Assets/Art/Character/NakedClementine/ClementineS2_LateNightChar.fbx
  artifactKey: Guid(2b38a9bb84f02ea4aba67c31d33c26fc) Importer(815301076,1909f56bfc062723c751e8b465ee728b)
Start importing Assets/Art/Character/NakedClementine/ClementineS2_LateNightChar.fbx using Guid(2b38a9bb84f02ea4aba67c31d33c26fc) Importer(815301076,1909f56bfc062723c751e8b465ee728b)  -> (artifact id: '9e8fb986092ac1c470e802f360313434') in 0.097644 seconds 
  Import took 0.107422 seconds .

========================================================================
Received Import Request.
  Time since last request: 256.516154 seconds.
  path: Assets/Art/Character/NakedClementine/ClementineS2_LateNightChar.fbx
  artifactKey: Guid(2b38a9bb84f02ea4aba67c31d33c26fc) Importer(815301076,1909f56bfc062723c751e8b465ee728b)
Start importing Assets/Art/Character/NakedClementine/ClementineS2_LateNightChar.fbx using Guid(2b38a9bb84f02ea4aba67c31d33c26fc) Importer(815301076,1909f56bfc062723c751e8b465ee728b)  -> (artifact id: 'c65dbb0a03bd6af7cd0648c226dad3e2') in 0.098770 seconds 
  Import took 0.113264 seconds .

========================================================================
Received Import Request.
  Time since last request: 121.141461 seconds.
  path: Assets/Art/Character/NakedClementine/ClementineS2_LateNightChar.fbx
  artifactKey: Guid(2b38a9bb84f02ea4aba67c31d33c26fc) Importer(815301076,1909f56bfc062723c751e8b465ee728b)
Start importing Assets/Art/Character/NakedClementine/ClementineS2_LateNightChar.fbx using Guid(2b38a9bb84f02ea4aba67c31d33c26fc) Importer(815301076,1909f56bfc062723c751e8b465ee728b)  -> (artifact id: 'f280a279356ca225bc5a89d14dd6f473') in 0.088799 seconds 
  Import took 0.098496 seconds .

========================================================================
Received Import Request.
  Time since last request: 82.980553 seconds.
  path: Assets/Art/Character/NakedClementine/ClementineS2_LateNightChar.fbx
  artifactKey: Guid(2b38a9bb84f02ea4aba67c31d33c26fc) Importer(815301076,1909f56bfc062723c751e8b465ee728b)
Start importing Assets/Art/Character/NakedClementine/ClementineS2_LateNightChar.fbx using Guid(2b38a9bb84f02ea4aba67c31d33c26fc) Importer(815301076,1909f56bfc062723c751e8b465ee728b)  -> (artifact id: '91d0af98a3557eba043468fa542affb7') in 0.069279 seconds 
  Import took 0.077770 seconds .

========================================================================
Received Import Request.
  Time since last request: 72.353982 seconds.
  path: Assets/Art/Character/NakedClementine/ClementineS2_LateNightChar.fbx
  artifactKey: Guid(2b38a9bb84f02ea4aba67c31d33c26fc) Importer(815301076,1909f56bfc062723c751e8b465ee728b)
Start importing Assets/Art/Character/NakedClementine/ClementineS2_LateNightChar.fbx using Guid(2b38a9bb84f02ea4aba67c31d33c26fc) Importer(815301076,1909f56bfc062723c751e8b465ee728b)  -> (artifact id: '45c04588f5fed478e14eeb3c2532d603') in 0.075634 seconds 
  Import took 0.086487 seconds .

========================================================================
Received Import Request.
  Time since last request: 229.517009 seconds.
  path: Assets/Art/Character/NakedClementine/ClementineS2_LateNightChar.fbx
  artifactKey: Guid(2b38a9bb84f02ea4aba67c31d33c26fc) Importer(815301076,1909f56bfc062723c751e8b465ee728b)
Start importing Assets/Art/Character/NakedClementine/ClementineS2_LateNightChar.fbx using Guid(2b38a9bb84f02ea4aba67c31d33c26fc) Importer(815301076,1909f56bfc062723c751e8b465ee728b)  -> (artifact id: '63d3d425197947c8dd4645863bd458ff') in 0.080036 seconds 
  Import took 0.087172 seconds .

========================================================================
Received Import Request.
  Time since last request: 0.000228 seconds.
  path: Assets/Art/Character/NakedClementine/hair_locks_RGB.png
  artifactKey: Guid(ae50ad1742b63eb4ab254da45cbfda20) Importer(815301076,1909f56bfc062723c751e8b465ee728b)
Start importing Assets/Art/Character/NakedClementine/hair_locks_RGB.png using Guid(ae50ad1742b63eb4ab254da45cbfda20) Importer(815301076,1909f56bfc062723c751e8b465ee728b)  -> (artifact id: 'e27d2d3913080dfc257707840abdecb8') in 0.016635 seconds 
  Import took 0.024512 seconds .

========================================================================
Received Import Request.
  Time since last request: 25.060088 seconds.
  path: Assets/Art/Character/NakedClementine/eyelash_corrected.png
  artifactKey: Guid(82ab42dbf04ffb048ad5a745d5ef4f19) Importer(815301076,1909f56bfc062723c751e8b465ee728b)
Start importing Assets/Art/Character/NakedClementine/eyelash_corrected.png using Guid(82ab42dbf04ffb048ad5a745d5ef4f19) Importer(815301076,1909f56bfc062723c751e8b465ee728b)  -> (artifact id: 'cc3ab89520e1e8ba19894cd167399fc0') in 0.013727 seconds 
  Import took 0.019963 seconds .

========================================================================
Received Import Request.
  Time since last request: 6.254247 seconds.
  path: Assets/Art/Character/NakedClementine/hair_locks_corrected.png
  artifactKey: Guid(0fb0a301f0f515542b6fbf45043338b6) Importer(815301076,1909f56bfc062723c751e8b465ee728b)
Start importing Assets/Art/Character/NakedClementine/hair_locks_corrected.png using Guid(0fb0a301f0f515542b6fbf45043338b6) Importer(815301076,1909f56bfc062723c751e8b465ee728b)  -> (artifact id: 'ea357d03d7b2072c1b30beea82612e54') in 0.016091 seconds 
  Import took 0.026479 seconds .

========================================================================
Received Import Request.
  Time since last request: 4.593306 seconds.
  path: Assets/Art/Character/NakedClementine/hair_locks_RGB.png
  artifactKey: Guid(ae50ad1742b63eb4ab254da45cbfda20) Importer(815301076,1909f56bfc062723c751e8b465ee728b)
Start importing Assets/Art/Character/NakedClementine/hair_locks_RGB.png using Guid(ae50ad1742b63eb4ab254da45cbfda20) Importer(815301076,1909f56bfc062723c751e8b465ee728b)  -> (artifact id: 'fda4b7f271d664df2670636e176b5249') in 0.013569 seconds 
  Import took 0.021489 seconds .

========================================================================
Received Import Request.
  Time since last request: 217.067053 seconds.
  path: Assets/Art/Character/NakedClementine/eyelash_corrected 1.png
  artifactKey: Guid(f6eca227c6b563f41a68c56cfca4c85e) Importer(815301076,1909f56bfc062723c751e8b465ee728b)
Start importing Assets/Art/Character/NakedClementine/eyelash_corrected 1.png using Guid(f6eca227c6b563f41a68c56cfca4c85e) Importer(815301076,1909f56bfc062723c751e8b465ee728b)  -> (artifact id: 'b1773cd1fe1b72a9fcf22bddaed478a3') in 0.013274 seconds 
  Import took 0.021611 seconds .

========================================================================
Received Import Request.
  Time since last request: 0.000251 seconds.
  path: Assets/Art/Character/NakedClementine/hair_locks_corrected 1.png
  artifactKey: Guid(d745e5f9290dd0a45a2e5722692c5e7f) Importer(815301076,1909f56bfc062723c751e8b465ee728b)
Start importing Assets/Art/Character/NakedClementine/hair_locks_corrected 1.png using Guid(d745e5f9290dd0a45a2e5722692c5e7f) Importer(815301076,1909f56bfc062723c751e8b465ee728b)  -> (artifact id: '428bf750c396849e1546624624b05c16') in 0.016536 seconds 
  Import took 0.024349 seconds .

========================================================================
Received Import Request.
  Time since last request: 0.000244 seconds.
  path: Assets/Art/Character/NakedClementine/nudebody_n_RGB.png
  artifactKey: Guid(95624a2efda8a0244a9e168f3954c662) Importer(815301076,1909f56bfc062723c751e8b465ee728b)
Start importing Assets/Art/Character/NakedClementine/nudebody_n_RGB.png using Guid(95624a2efda8a0244a9e168f3954c662) Importer(815301076,1909f56bfc062723c751e8b465ee728b)  -> (artifact id: '3fdca021d706ad2a3426c54425c19768') in 0.017735 seconds 
  Import took 0.025637 seconds .

========================================================================
Received Import Request.
  Time since last request: 0.000213 seconds.
  path: Assets/Art/Character/NakedClementine/hair_locks_RGB 1.png
  artifactKey: Guid(2a8f901f70a3be547acb39808c76f25f) Importer(815301076,1909f56bfc062723c751e8b465ee728b)
Start importing Assets/Art/Character/NakedClementine/hair_locks_RGB 1.png using Guid(2a8f901f70a3be547acb39808c76f25f) Importer(815301076,1909f56bfc062723c751e8b465ee728b)  -> (artifact id: '2454de7dd5b9e9f2a0c1e5b0f0a61ff2') in 0.014303 seconds 
  Import took 0.020605 seconds .

========================================================================
Received Import Request.
  Time since last request: 0.000201 seconds.
  path: Assets/Art/Character/NakedClementine/faceneckhands_n_RGB.png
  artifactKey: Guid(8efd58c29c453b64cb410451390290b5) Importer(815301076,1909f56bfc062723c751e8b465ee728b)
Start importing Assets/Art/Character/NakedClementine/faceneckhands_n_RGB.png using Guid(8efd58c29c453b64cb410451390290b5) Importer(815301076,1909f56bfc062723c751e8b465ee728b)  -> (artifact id: '9033262a1f29c645f37377b298b0b65c') in 0.016784 seconds 
  Import took 0.023310 seconds .

========================================================================
Received Import Request.
  Time since last request: 30.477803 seconds.
  path: Assets/Art/Character/NakedClementine/textures
  artifactKey: Guid(6d662eaf633ef8d4681f45675a0b6715) Importer(815301076,1909f56bfc062723c751e8b465ee728b)
Start importing Assets/Art/Character/NakedClementine/textures using Guid(6d662eaf633ef8d4681f45675a0b6715) Importer(815301076,1909f56bfc062723c751e8b465ee728b)  -> (artifact id: 'af1af6aeda8a7e9c0dc40acca0112b70') in 0.007235 seconds 
  Import took 0.014493 seconds .

========================================================================
Received Import Request.
  Time since last request: 4.643865 seconds.
  path: Assets/Art/Character/NakedClementine/ClementineS2_LateNightChar.fbx
  artifactKey: Guid(2b38a9bb84f02ea4aba67c31d33c26fc) Importer(815301076,1909f56bfc062723c751e8b465ee728b)
Start importing Assets/Art/Character/NakedClementine/ClementineS2_LateNightChar.fbx using Guid(2b38a9bb84f02ea4aba67c31d33c26fc) Importer(815301076,1909f56bfc062723c751e8b465ee728b)  -> (artifact id: 'bc3e8e6b97d6bae0618a13d9311485cc') in 0.080549 seconds 
  Import took 0.089597 seconds .

========================================================================
Received Import Request.
  Time since last request: 13.630040 seconds.
  path: Assets/Art/Character/NakedClementine/textures/faceneckhands_n_RGB.png
  artifactKey: Guid(8efd58c29c453b64cb410451390290b5) Importer(815301076,1909f56bfc062723c751e8b465ee728b)
Start importing Assets/Art/Character/NakedClementine/textures/faceneckhands_n_RGB.png using Guid(8efd58c29c453b64cb410451390290b5) Importer(815301076,1909f56bfc062723c751e8b465ee728b)  -> (artifact id: '6520f6e02b09345f4e3fe2476dfee391') in 0.020770 seconds 
  Import took 0.027795 seconds .

========================================================================
Received Import Request.
  Time since last request: 7.832065 seconds.
  path: Assets/Art/Character/NakedClementine/textures/nudebody_n_RGB.png
  artifactKey: Guid(95624a2efda8a0244a9e168f3954c662) Importer(815301076,1909f56bfc062723c751e8b465ee728b)
Start importing Assets/Art/Character/NakedClementine/textures/nudebody_n_RGB.png using Guid(95624a2efda8a0244a9e168f3954c662) Importer(815301076,1909f56bfc062723c751e8b465ee728b)  -> (artifact id: 'b84c103a3918bb9d1cb0a84e9966ce55') in 0.014342 seconds 
  Import took 0.022262 seconds .

========================================================================
Received Import Request.
  Time since last request: 15.432970 seconds.
  path: Assets/Art/Character/NakedClementine/ClementineS2_LateNightChar.fbx
  artifactKey: Guid(2b38a9bb84f02ea4aba67c31d33c26fc) Importer(815301076,1909f56bfc062723c751e8b465ee728b)
Start importing Assets/Art/Character/NakedClementine/ClementineS2_LateNightChar.fbx using Guid(2b38a9bb84f02ea4aba67c31d33c26fc) Importer(815301076,1909f56bfc062723c751e8b465ee728b)  -> (artifact id: '2406310eb1842d8449e10208a8c03a11') in 0.041717 seconds 
  Import took 0.047644 seconds .

========================================================================
Received Import Request.
  Time since last request: 1.915616 seconds.
  path: Assets/Art/Character/NakedClementine/materials
  artifactKey: Guid(dea324663eaf17044a1428039e5b2515) Importer(815301076,1909f56bfc062723c751e8b465ee728b)
Start importing Assets/Art/Character/NakedClementine/materials using Guid(dea324663eaf17044a1428039e5b2515) Importer(815301076,1909f56bfc062723c751e8b465ee728b)  -> (artifact id: 'bea622a0e480d10df89faba0406240ca') in 0.008085 seconds 
  Import took 0.014885 seconds .

========================================================================
Received Import Request.
  Time since last request: 0.092202 seconds.
  path: Assets/Art/Character/NakedClementine/materials/eye_d.mat
  artifactKey: Guid(08b6f34f0d2c6c74493219d845530ed9) Importer(815301076,1909f56bfc062723c751e8b465ee728b)
Start importing Assets/Art/Character/NakedClementine/materials/eye_d.mat using Guid(08b6f34f0d2c6c74493219d845530ed9) Importer(815301076,1909f56bfc062723c751e8b465ee728b)  -> (artifact id: '009f1f51e573f1e7313891825518fb56') in 0.015069 seconds 
  Import took 0.022958 seconds .

========================================================================
Received Import Request.
  Time since last request: 0.000239 seconds.
  path: Assets/Art/Character/NakedClementine/materials/mouth.mat
  artifactKey: Guid(0995e413b473894428259c7c7ac06a17) Importer(815301076,1909f56bfc062723c751e8b465ee728b)
Start importing Assets/Art/Character/NakedClementine/materials/mouth.mat using Guid(0995e413b473894428259c7c7ac06a17) Importer(815301076,1909f56bfc062723c751e8b465ee728b)  -> (artifact id: 'b8f14284ce32d8b6cfcf297d9629e048') in 0.015400 seconds 
  Import took 0.022116 seconds .

========================================================================
Received Import Request.
  Time since last request: 0.000206 seconds.
  path: Assets/Art/Character/NakedClementine/materials/hair.mat
  artifactKey: Guid(c875df3aa89135d4d85bd11e239ada08) Importer(815301076,1909f56bfc062723c751e8b465ee728b)
Start importing Assets/Art/Character/NakedClementine/materials/hair.mat using Guid(c875df3aa89135d4d85bd11e239ada08) Importer(815301076,1909f56bfc062723c751e8b465ee728b)  -> (artifact id: 'dbbe3f0e754911c54f36dab34d2b5de2') in 0.015776 seconds 
  Import took 0.022206 seconds .

========================================================================
Received Import Request.
  Time since last request: 0.000271 seconds.
  path: Assets/Art/Character/NakedClementine/materials/hair_locks.mat
  artifactKey: Guid(818c23dc3306c554790061ae1c50792d) Importer(815301076,1909f56bfc062723c751e8b465ee728b)
Start importing Assets/Art/Character/NakedClementine/materials/hair_locks.mat using Guid(818c23dc3306c554790061ae1c50792d) Importer(815301076,1909f56bfc062723c751e8b465ee728b)  -> (artifact id: '150bd277255ecb000c46cf7ba45a26de') in 0.018142 seconds 
  Import took 0.024891 seconds .

========================================================================
Received Import Request.
  Time since last request: 0.000233 seconds.
  path: Assets/Art/Character/NakedClementine/materials/nudebody.mat
  artifactKey: Guid(49dfbbd748bc14747842f2e9757cb412) Importer(815301076,1909f56bfc062723c751e8b465ee728b)
Start importing Assets/Art/Character/NakedClementine/materials/nudebody.mat using Guid(49dfbbd748bc14747842f2e9757cb412) Importer(815301076,1909f56bfc062723c751e8b465ee728b)  -> (artifact id: '908ff2d433dd7137795c4ab470145021') in 0.017527 seconds 
  Import took 0.024093 seconds .

========================================================================
Received Import Request.
  Time since last request: 0.000194 seconds.
  path: Assets/Art/Character/NakedClementine/materials/eyeball_r.mat
  artifactKey: Guid(e039621ff5515594c8864ecf4f703ee8) Importer(815301076,1909f56bfc062723c751e8b465ee728b)
Start importing Assets/Art/Character/NakedClementine/materials/eyeball_r.mat using Guid(e039621ff5515594c8864ecf4f703ee8) Importer(815301076,1909f56bfc062723c751e8b465ee728b)  -> (artifact id: 'c5e4e986c294acb4e50124b3dd85b484') in 0.015751 seconds 
  Import took 0.021550 seconds .

========================================================================
Received Import Request.
  Time since last request: 0.000198 seconds.
  path: Assets/Art/Character/NakedClementine/materials/eyeball_l.mat
  artifactKey: Guid(070ae482596d9744ea58bef792422266) Importer(815301076,1909f56bfc062723c751e8b465ee728b)
Start importing Assets/Art/Character/NakedClementine/materials/eyeball_l.mat using Guid(070ae482596d9744ea58bef792422266) Importer(815301076,1909f56bfc062723c751e8b465ee728b)  -> (artifact id: 'eda519d38f23866c8d3034ac50bf3d0a') in 0.015219 seconds 
  Import took 0.021191 seconds .

========================================================================
Received Import Request.
  Time since last request: 0.000222 seconds.
  path: Assets/Art/Character/NakedClementine/materials/faceneckhands.mat
  artifactKey: Guid(37b1a084d3cdfc14c872ae14ba29cb23) Importer(815301076,1909f56bfc062723c751e8b465ee728b)
Start importing Assets/Art/Character/NakedClementine/materials/faceneckhands.mat using Guid(37b1a084d3cdfc14c872ae14ba29cb23) Importer(815301076,1909f56bfc062723c751e8b465ee728b)  -> (artifact id: '383e30cd28a288c58d7d284e986197e2') in 0.015997 seconds 
  Import took 0.023560 seconds .

========================================================================
Received Import Request.
  Time since last request: 0.000179 seconds.
  path: Assets/Art/Character/NakedClementine/materials/eyelash.mat
  artifactKey: Guid(88dfa1a3b8b662744b2d948d2afe89f8) Importer(815301076,1909f56bfc062723c751e8b465ee728b)
Start importing Assets/Art/Character/NakedClementine/materials/eyelash.mat using Guid(88dfa1a3b8b662744b2d948d2afe89f8) Importer(815301076,1909f56bfc062723c751e8b465ee728b)  -> (artifact id: 'ef417cee50a28d52f19a737d9681edfa') in 0.018847 seconds 
  Import took 0.025342 seconds .

========================================================================
Received Import Request.
  Time since last request: 283.898607 seconds.
  path: Assets/Art/Character/Girl-Actual.prefab
  artifactKey: Guid(8a213302132a00d4b9656695841f87d1) Importer(815301076,1909f56bfc062723c751e8b465ee728b)
Start importing Assets/Art/Character/Girl-Actual.prefab using Guid(8a213302132a00d4b9656695841f87d1) Importer(815301076,1909f56bfc062723c751e8b465ee728b)  -> (artifact id: 'b2096265b85f04de59f2707918608031') in 0.031989 seconds 
  Import took 0.040016 seconds .

========================================================================
Received Import Request.
  Time since last request: 34.517901 seconds.
  path: Assets/Art/Character/NakedClementine/ClemAnimator.controller
  artifactKey: Guid(7d531c5a7e359134fad9bb59b109d6c9) Importer(815301076,1909f56bfc062723c751e8b465ee728b)
Start importing Assets/Art/Character/NakedClementine/ClemAnimator.controller using Guid(7d531c5a7e359134fad9bb59b109d6c9) Importer(815301076,1909f56bfc062723c751e8b465ee728b)  -> (artifact id: '6fe8a8b7e53bddde98721e90a8dcec8c') in 0.010836 seconds 
  Import took 0.018251 seconds .

========================================================================
Received Prepare
Registering precompiled user dll's ...
Registered in 0.006095 seconds.
Begin MonoManager ReloadAssembly
Native extension for LinuxStandalone target not found
Native extension for WindowsStandalone target not found
Native extension for OSXStandalone target not found
Native extension for WebGL target not found
Refreshing native plugins compatible for Editor in 0.63 ms, found 2 plugins.
Preloading 0 native plugins for Editor in 0.00 ms.
Mono: successfully reloaded assembly
- Completed reload, in  1.318 seconds
Domain Reload Profiling:
	ReloadAssembly (1318ms)
		BeginReloadAssembly (143ms)
			ExecutionOrderSort (0ms)
			DisableScriptedObjects (4ms)
			BackupInstance (0ms)
			ReleaseScriptingObjects (0ms)
			CreateAndSetChildDomain (47ms)
		EndReloadAssembly (1110ms)
			LoadAssemblies (105ms)
			RebuildTransferFunctionScriptingTraits (0ms)
			SetupTypeCache (329ms)
			ReleaseScriptCaches (1ms)
			RebuildScriptCaches (42ms)
			SetupLoadedEditorAssemblies (534ms)
				LogAssemblyErrors (0ms)
				InitializePlatformSupportModulesInManaged (9ms)
				SetLoadedEditorAssemblies (0ms)
				RefreshPlugins (1ms)
				BeforeProcessingInitializeOnLoad (109ms)
				ProcessInitializeOnLoadAttributes (397ms)
				ProcessInitializeOnLoadMethodAttributes (8ms)
				AfterProcessingInitializeOnLoad (10ms)
				EditorAssembliesLoaded (0ms)
			ExecutionOrderSort2 (0ms)
			AwakeInstancesAfterBackupRestoration (6ms)
Platform modules already initialized, skipping
Refreshing native plugins compatible for Editor in 0.65 ms, found 2 plugins.
Preloading 0 native plugins for Editor in 0.00 ms.
Unloading 3223 Unused Serialized files (Serialized files now loaded: 0)
System memory in use before: 166.3 MB.
System memory in use after: 166.5 MB.

Unloading 16 unused Assets to reduce memory usage. Loaded Objects now: 3789.
Total: 4.621800 ms (FindLiveObjects: 0.289100 ms CreateObjectMapping: 0.122400 ms MarkObjects: 4.186800 ms  DeleteObjects: 0.022500 ms)

AssetImportParameters requested are different than current active one (requested -> active):
  custom:framework-win-MediaFoundation: 216162199b28c13a410421893ffa2e32 -> 
  custom:video-decoder-ogg-theora: a1e56fd34408186e4bbccfd4996cb3dc -> 
  custom:container-muxer-webm: aa71ff27fc2769a1b78a27578f13a17b -> 
  custom:container-demuxer-webm: 4f35f7cbe854078d1ac9338744f61a02 -> 
  custom:container-demuxer-ogg: 62fdf1f143b41e24485cea50d1cbac27 -> 
  custom:video-encoder-webm-vp8: eb34c28f22e8b96e1ab97ce403110664 -> 
  custom:video-codec-MediaFoundation-h265: 746d11721c4dcdbdad8f713fa42b33f4 -> 
  custom:video-decoder-webm-vp8: 9c59270c3fd7afecdb556c50c9e8de78 -> 
  custom:audio-decoder-ogg-vorbis: bf7c407c2cedff20999df2af8eb42d56 -> 
  custom:audio-encoder-webm-vorbis: bf7c407c2cedff20999df2af8eb42d56 -> 
========================================================================
Received Import Request.
  Time since last request: 587.822417 seconds.
  path: Assets/Art/Character/NakedClementine/ClemAnimator.controller
  artifactKey: Guid(7d531c5a7e359134fad9bb59b109d6c9) Importer(815301076,1909f56bfc062723c751e8b465ee728b)
Start importing Assets/Art/Character/NakedClementine/ClemAnimator.controller using Guid(7d531c5a7e359134fad9bb59b109d6c9) Importer(815301076,1909f56bfc062723c751e8b465ee728b)  -> (artifact id: '4bc7cb096154152a68ebee08321ec8b1') in 0.027199 seconds 
  Import took 0.035604 seconds .

========================================================================
Received Prepare
Registering precompiled user dll's ...
Registered in 0.006592 seconds.
Begin MonoManager ReloadAssembly
Native extension for LinuxStandalone target not found
Native extension for WindowsStandalone target not found
Native extension for OSXStandalone target not found
Native extension for WebGL target not found
Refreshing native plugins compatible for Editor in 0.63 ms, found 2 plugins.
Preloading 0 native plugins for Editor in 0.00 ms.
Mono: successfully reloaded assembly
- Completed reload, in  1.346 seconds
Domain Reload Profiling:
	ReloadAssembly (1346ms)
		BeginReloadAssembly (131ms)
			ExecutionOrderSort (0ms)
			DisableScriptedObjects (5ms)
			BackupInstance (0ms)
			ReleaseScriptingObjects (0ms)
			CreateAndSetChildDomain (45ms)
		EndReloadAssembly (1142ms)
			LoadAssemblies (115ms)
			RebuildTransferFunctionScriptingTraits (0ms)
			SetupTypeCache (371ms)
			ReleaseScriptCaches (1ms)
			RebuildScriptCaches (40ms)
			SetupLoadedEditorAssemblies (508ms)
				LogAssemblyErrors (0ms)
				InitializePlatformSupportModulesInManaged (8ms)
				SetLoadedEditorAssemblies (0ms)
				RefreshPlugins (1ms)
				BeforeProcessingInitializeOnLoad (96ms)
				ProcessInitializeOnLoadAttributes (380ms)
				ProcessInitializeOnLoadMethodAttributes (10ms)
				AfterProcessingInitializeOnLoad (13ms)
				EditorAssembliesLoaded (0ms)
			ExecutionOrderSort2 (0ms)
			AwakeInstancesAfterBackupRestoration (6ms)
Platform modules already initialized, skipping
Refreshing native plugins compatible for Editor in 0.68 ms, found 2 plugins.
Preloading 0 native plugins for Editor in 0.00 ms.
Unloading 3223 Unused Serialized files (Serialized files now loaded: 0)
System memory in use before: 166.4 MB.
System memory in use after: 166.6 MB.

Unloading 16 unused Assets to reduce memory usage. Loaded Objects now: 3792.
Total: 4.615600 ms (FindLiveObjects: 0.365900 ms CreateObjectMapping: 0.296900 ms MarkObjects: 3.933000 ms  DeleteObjects: 0.018900 ms)

AssetImportParameters requested are different than current active one (requested -> active):
  custom:framework-win-MediaFoundation: 216162199b28c13a410421893ffa2e32 -> 
  custom:video-decoder-ogg-theora: a1e56fd34408186e4bbccfd4996cb3dc -> 
  custom:container-muxer-webm: aa71ff27fc2769a1b78a27578f13a17b -> 
  custom:container-demuxer-webm: 4f35f7cbe854078d1ac9338744f61a02 -> 
  custom:container-demuxer-ogg: 62fdf1f143b41e24485cea50d1cbac27 -> 
  custom:video-encoder-webm-vp8: eb34c28f22e8b96e1ab97ce403110664 -> 
  custom:video-codec-MediaFoundation-h265: 746d11721c4dcdbdad8f713fa42b33f4 -> 
  custom:video-decoder-webm-vp8: 9c59270c3fd7afecdb556c50c9e8de78 -> 
  custom:audio-decoder-ogg-vorbis: bf7c407c2cedff20999df2af8eb42d56 -> 
  custom:audio-encoder-webm-vorbis: bf7c407c2cedff20999df2af8eb42d56 -> 
========================================================================
Received Prepare
Registering precompiled user dll's ...
Registered in 0.006854 seconds.
Begin MonoManager ReloadAssembly
Native extension for LinuxStandalone target not found
Native extension for WindowsStandalone target not found
Native extension for OSXStandalone target not found
Native extension for WebGL target not found
Refreshing native plugins compatible for Editor in 0.66 ms, found 2 plugins.
Preloading 0 native plugins for Editor in 0.00 ms.
Mono: successfully reloaded assembly
- Completed reload, in  1.319 seconds
Domain Reload Profiling:
	ReloadAssembly (1319ms)
		BeginReloadAssembly (129ms)
			ExecutionOrderSort (0ms)
			DisableScriptedObjects (5ms)
			BackupInstance (0ms)
			ReleaseScriptingObjects (0ms)
			CreateAndSetChildDomain (42ms)
		EndReloadAssembly (1113ms)
			LoadAssemblies (113ms)
			RebuildTransferFunctionScriptingTraits (0ms)
			SetupTypeCache (343ms)
			ReleaseScriptCaches (1ms)
			RebuildScriptCaches (42ms)
			SetupLoadedEditorAssemblies (505ms)
				LogAssemblyErrors (0ms)
				InitializePlatformSupportModulesInManaged (8ms)
				SetLoadedEditorAssemblies (0ms)
				RefreshPlugins (1ms)
				BeforeProcessingInitializeOnLoad (96ms)
				ProcessInitializeOnLoadAttributes (381ms)
				ProcessInitializeOnLoadMethodAttributes (8ms)
				AfterProcessingInitializeOnLoad (10ms)
				EditorAssembliesLoaded (0ms)
			ExecutionOrderSort2 (0ms)
			AwakeInstancesAfterBackupRestoration (6ms)
Platform modules already initialized, skipping
Refreshing native plugins compatible for Editor in 0.65 ms, found 2 plugins.
Preloading 0 native plugins for Editor in 0.00 ms.
Unloading 3223 Unused Serialized files (Serialized files now loaded: 0)
System memory in use before: 166.4 MB.
System memory in use after: 166.6 MB.

Unloading 16 unused Assets to reduce memory usage. Loaded Objects now: 3795.
Total: 4.372700 ms (FindLiveObjects: 0.378700 ms CreateObjectMapping: 0.288400 ms MarkObjects: 3.685100 ms  DeleteObjects: 0.019500 ms)

AssetImportParameters requested are different than current active one (requested -> active):
  custom:framework-win-MediaFoundation: 216162199b28c13a410421893ffa2e32 -> 
  custom:video-decoder-ogg-theora: a1e56fd34408186e4bbccfd4996cb3dc -> 
  custom:container-muxer-webm: aa71ff27fc2769a1b78a27578f13a17b -> 
  custom:container-demuxer-webm: 4f35f7cbe854078d1ac9338744f61a02 -> 
  custom:container-demuxer-ogg: 62fdf1f143b41e24485cea50d1cbac27 -> 
  custom:video-encoder-webm-vp8: eb34c28f22e8b96e1ab97ce403110664 -> 
  custom:video-codec-MediaFoundation-h265: 746d11721c4dcdbdad8f713fa42b33f4 -> 
  custom:video-decoder-webm-vp8: 9c59270c3fd7afecdb556c50c9e8de78 -> 
  custom:audio-decoder-ogg-vorbis: bf7c407c2cedff20999df2af8eb42d56 -> 
  custom:audio-encoder-webm-vorbis: bf7c407c2cedff20999df2af8eb42d56 -> 
========================================================================
Received Import Request.
  Time since last request: 1023.105362 seconds.
  path: Assets/Scenes/GameScene.unity
  artifactKey: Guid(9fc0d4010bbf28b4594072e72b8655ab) Importer(815301076,1909f56bfc062723c751e8b465ee728b)
Start importing Assets/Scenes/GameScene.unity using Guid(9fc0d4010bbf28b4594072e72b8655ab) Importer(815301076,1909f56bfc062723c751e8b465ee728b)  -> (artifact id: 'dcb762ac97e4aa73160cae03a14dcc10') in 0.043826 seconds 
  Import took 0.053913 seconds .

========================================================================
Received Prepare
Registering precompiled user dll's ...
Registered in 0.013230 seconds.
Begin MonoManager ReloadAssembly
Native extension for LinuxStandalone target not found
Native extension for WindowsStandalone target not found
Native extension for OSXStandalone target not found
Native extension for WebGL target not found
Refreshing native plugins compatible for Editor in 0.65 ms, found 2 plugins.
Preloading 0 native plugins for Editor in 0.00 ms.
Mono: successfully reloaded assembly
- Completed reload, in  3.059 seconds
Domain Reload Profiling:
	ReloadAssembly (3060ms)
		BeginReloadAssembly (238ms)
			ExecutionOrderSort (0ms)
			DisableScriptedObjects (10ms)
			BackupInstance (0ms)
			ReleaseScriptingObjects (0ms)
			CreateAndSetChildDomain (83ms)
		EndReloadAssembly (1959ms)
			LoadAssemblies (730ms)
			RebuildTransferFunctionScriptingTraits (0ms)
			SetupTypeCache (546ms)
			ReleaseScriptCaches (1ms)
			RebuildScriptCaches (48ms)
			SetupLoadedEditorAssemblies (541ms)
				LogAssemblyErrors (0ms)
				InitializePlatformSupportModulesInManaged (8ms)
				SetLoadedEditorAssemblies (0ms)
				RefreshPlugins (1ms)
				BeforeProcessingInitializeOnLoad (118ms)
				ProcessInitializeOnLoadAttributes (395ms)
				ProcessInitializeOnLoadMethodAttributes (8ms)
				AfterProcessingInitializeOnLoad (10ms)
				EditorAssembliesLoaded (0ms)
			ExecutionOrderSort2 (0ms)
			AwakeInstancesAfterBackupRestoration (6ms)
Platform modules already initialized, skipping
Refreshing native plugins compatible for Editor in 0.80 ms, found 2 plugins.
Preloading 0 native plugins for Editor in 0.00 ms.
Unloading 3223 Unused Serialized files (Serialized files now loaded: 0)
System memory in use before: 166.4 MB.
System memory in use after: 166.7 MB.

Unloading 16 unused Assets to reduce memory usage. Loaded Objects now: 3798.
Total: 3.652400 ms (FindLiveObjects: 0.311100 ms CreateObjectMapping: 0.143300 ms MarkObjects: 3.169000 ms  DeleteObjects: 0.027700 ms)

AssetImportParameters requested are different than current active one (requested -> active):
  custom:framework-win-MediaFoundation: 216162199b28c13a410421893ffa2e32 -> 
  custom:video-decoder-ogg-theora: a1e56fd34408186e4bbccfd4996cb3dc -> 
  custom:container-muxer-webm: aa71ff27fc2769a1b78a27578f13a17b -> 
  custom:container-demuxer-webm: 4f35f7cbe854078d1ac9338744f61a02 -> 
  custom:container-demuxer-ogg: 62fdf1f143b41e24485cea50d1cbac27 -> 
  custom:video-encoder-webm-vp8: eb34c28f22e8b96e1ab97ce403110664 -> 
  custom:video-codec-MediaFoundation-h265: 746d11721c4dcdbdad8f713fa42b33f4 -> 
  custom:video-decoder-webm-vp8: 9c59270c3fd7afecdb556c50c9e8de78 -> 
  custom:audio-decoder-ogg-vorbis: bf7c407c2cedff20999df2af8eb42d56 -> 
  custom:audio-encoder-webm-vorbis: bf7c407c2cedff20999df2af8eb42d56 -> 
========================================================================
Received Prepare
Registering precompiled user dll's ...
Registered in 0.006394 seconds.
Begin MonoManager ReloadAssembly
Native extension for LinuxStandalone target not found
Native extension for WindowsStandalone target not found
Native extension for OSXStandalone target not found
Native extension for WebGL target not found
Refreshing native plugins compatible for Editor in 1.12 ms, found 2 plugins.
Preloading 0 native plugins for Editor in 0.00 ms.
Mono: successfully reloaded assembly
- Completed reload, in  1.306 seconds
Domain Reload Profiling:
	ReloadAssembly (1307ms)
		BeginReloadAssembly (129ms)
			ExecutionOrderSort (0ms)
			DisableScriptedObjects (4ms)
			BackupInstance (0ms)
			ReleaseScriptingObjects (0ms)
			CreateAndSetChildDomain (40ms)
		EndReloadAssembly (1112ms)
			LoadAssemblies (102ms)
			RebuildTransferFunctionScriptingTraits (0ms)
			SetupTypeCache (349ms)
			ReleaseScriptCaches (2ms)
			RebuildScriptCaches (47ms)
			SetupLoadedEditorAssemblies (506ms)
				LogAssemblyErrors (0ms)
				InitializePlatformSupportModulesInManaged (9ms)
				SetLoadedEditorAssemblies (1ms)
				RefreshPlugins (1ms)
				BeforeProcessingInitializeOnLoad (104ms)
				ProcessInitializeOnLoadAttributes (372ms)
				ProcessInitializeOnLoadMethodAttributes (9ms)
				AfterProcessingInitializeOnLoad (11ms)
				EditorAssembliesLoaded (0ms)
			ExecutionOrderSort2 (0ms)
			AwakeInstancesAfterBackupRestoration (6ms)
Platform modules already initialized, skipping
Refreshing native plugins compatible for Editor in 0.70 ms, found 2 plugins.
Preloading 0 native plugins for Editor in 0.00 ms.
Unloading 3223 Unused Serialized files (Serialized files now loaded: 0)
System memory in use before: 166.4 MB.
System memory in use after: 166.7 MB.

Unloading 16 unused Assets to reduce memory usage. Loaded Objects now: 3801.
Total: 4.656900 ms (FindLiveObjects: 0.468100 ms CreateObjectMapping: 0.345800 ms MarkObjects: 3.811200 ms  DeleteObjects: 0.030700 ms)

AssetImportParameters requested are different than current active one (requested -> active):
  custom:framework-win-MediaFoundation: 216162199b28c13a410421893ffa2e32 -> 
  custom:video-decoder-ogg-theora: a1e56fd34408186e4bbccfd4996cb3dc -> 
  custom:container-muxer-webm: aa71ff27fc2769a1b78a27578f13a17b -> 
  custom:container-demuxer-webm: 4f35f7cbe854078d1ac9338744f61a02 -> 
  custom:container-demuxer-ogg: 62fdf1f143b41e24485cea50d1cbac27 -> 
  custom:video-encoder-webm-vp8: eb34c28f22e8b96e1ab97ce403110664 -> 
  custom:video-codec-MediaFoundation-h265: 746d11721c4dcdbdad8f713fa42b33f4 -> 
  custom:video-decoder-webm-vp8: 9c59270c3fd7afecdb556c50c9e8de78 -> 
  custom:audio-decoder-ogg-vorbis: bf7c407c2cedff20999df2af8eb42d56 -> 
  custom:audio-encoder-webm-vorbis: bf7c407c2cedff20999df2af8eb42d56 -> 
========================================================================
Received Import Request.
  Time since last request: 326.418311 seconds.
  path: Assets/Scenes/GameScene.unity
  artifactKey: Guid(9fc0d4010bbf28b4594072e72b8655ab) Importer(815301076,1909f56bfc062723c751e8b465ee728b)
Start importing Assets/Scenes/GameScene.unity using Guid(9fc0d4010bbf28b4594072e72b8655ab) Importer(815301076,1909f56bfc062723c751e8b465ee728b)  -> (artifact id: '7e68ae612eb8fb9750aed7a2dcad829d') in 0.035555 seconds 
  Import took 0.044584 seconds .

========================================================================
Received Prepare
Registering precompiled user dll's ...
Registered in 0.007352 seconds.
Begin MonoManager ReloadAssembly
Native extension for LinuxStandalone target not found
Native extension for WindowsStandalone target not found
Native extension for OSXStandalone target not found
Native extension for WebGL target not found
Refreshing native plugins compatible for Editor in 0.65 ms, found 2 plugins.
Preloading 0 native plugins for Editor in 0.00 ms.
Mono: successfully reloaded assembly
- Completed reload, in  1.380 seconds
Domain Reload Profiling:
	ReloadAssembly (1380ms)
		BeginReloadAssembly (137ms)
			ExecutionOrderSort (0ms)
			DisableScriptedObjects (4ms)
			BackupInstance (0ms)
			ReleaseScriptingObjects (0ms)
			CreateAndSetChildDomain (44ms)
		EndReloadAssembly (1174ms)
			LoadAssemblies (112ms)
			RebuildTransferFunctionScriptingTraits (0ms)
			SetupTypeCache (366ms)
			ReleaseScriptCaches (2ms)
			RebuildScriptCaches (49ms)
			SetupLoadedEditorAssemblies (537ms)
				LogAssemblyErrors (0ms)
				InitializePlatformSupportModulesInManaged (9ms)
				SetLoadedEditorAssemblies (1ms)
				RefreshPlugins (1ms)
				BeforeProcessingInitializeOnLoad (103ms)
				ProcessInitializeOnLoadAttributes (405ms)
				ProcessInitializeOnLoadMethodAttributes (9ms)
				AfterProcessingInitializeOnLoad (10ms)
				EditorAssembliesLoaded (0ms)
			ExecutionOrderSort2 (0ms)
			AwakeInstancesAfterBackupRestoration (7ms)
Platform modules already initialized, skipping
Refreshing native plugins compatible for Editor in 0.64 ms, found 2 plugins.
Preloading 0 native plugins for Editor in 0.00 ms.
Unloading 3223 Unused Serialized files (Serialized files now loaded: 0)
System memory in use before: 166.5 MB.
System memory in use after: 166.7 MB.

Unloading 16 unused Assets to reduce memory usage. Loaded Objects now: 3804.
Total: 5.885500 ms (FindLiveObjects: 0.371200 ms CreateObjectMapping: 0.299600 ms MarkObjects: 5.183800 ms  DeleteObjects: 0.029400 ms)

AssetImportParameters requested are different than current active one (requested -> active):
  custom:framework-win-MediaFoundation: 216162199b28c13a410421893ffa2e32 -> 
  custom:video-decoder-ogg-theora: a1e56fd34408186e4bbccfd4996cb3dc -> 
  custom:container-muxer-webm: aa71ff27fc2769a1b78a27578f13a17b -> 
  custom:container-demuxer-webm: 4f35f7cbe854078d1ac9338744f61a02 -> 
  custom:container-demuxer-ogg: 62fdf1f143b41e24485cea50d1cbac27 -> 
  custom:video-encoder-webm-vp8: eb34c28f22e8b96e1ab97ce403110664 -> 
  custom:video-codec-MediaFoundation-h265: 746d11721c4dcdbdad8f713fa42b33f4 -> 
  custom:video-decoder-webm-vp8: 9c59270c3fd7afecdb556c50c9e8de78 -> 
  custom:audio-decoder-ogg-vorbis: bf7c407c2cedff20999df2af8eb42d56 -> 
  custom:audio-encoder-webm-vorbis: bf7c407c2cedff20999df2af8eb42d56 -> 
========================================================================
Received Prepare
Registering precompiled user dll's ...
Registered in 0.007854 seconds.
Begin MonoManager ReloadAssembly
Native extension for LinuxStandalone target not found
Native extension for WindowsStandalone target not found
Native extension for OSXStandalone target not found
Native extension for WebGL target not found
Refreshing native plugins compatible for Editor in 0.67 ms, found 2 plugins.
Preloading 0 native plugins for Editor in 0.00 ms.
Mono: successfully reloaded assembly
- Completed reload, in  1.346 seconds
Domain Reload Profiling:
	ReloadAssembly (1347ms)
		BeginReloadAssembly (146ms)
			ExecutionOrderSort (0ms)
			DisableScriptedObjects (7ms)
			BackupInstance (0ms)
			ReleaseScriptingObjects (0ms)
			CreateAndSetChildDomain (43ms)
		EndReloadAssembly (1130ms)
			LoadAssemblies (108ms)
			RebuildTransferFunctionScriptingTraits (0ms)
			SetupTypeCache (349ms)
			ReleaseScriptCaches (1ms)
			RebuildScriptCaches (44ms)
			SetupLoadedEditorAssemblies (515ms)
				LogAssemblyErrors (0ms)
				InitializePlatformSupportModulesInManaged (8ms)
				SetLoadedEditorAssemblies (0ms)
				RefreshPlugins (1ms)
				BeforeProcessingInitializeOnLoad (101ms)
				ProcessInitializeOnLoadAttributes (385ms)
				ProcessInitializeOnLoadMethodAttributes (9ms)
				AfterProcessingInitializeOnLoad (11ms)
				EditorAssembliesLoaded (0ms)
			ExecutionOrderSort2 (0ms)
			AwakeInstancesAfterBackupRestoration (10ms)
Platform modules already initialized, skipping
Refreshing native plugins compatible for Editor in 0.66 ms, found 2 plugins.
Preloading 0 native plugins for Editor in 0.00 ms.
Unloading 3223 Unused Serialized files (Serialized files now loaded: 0)
System memory in use before: 166.5 MB.
System memory in use after: 166.7 MB.

Unloading 16 unused Assets to reduce memory usage. Loaded Objects now: 3807.
Total: 5.694200 ms (FindLiveObjects: 0.636100 ms CreateObjectMapping: 0.547900 ms MarkObjects: 4.478400 ms  DeleteObjects: 0.030500 ms)

AssetImportParameters requested are different than current active one (requested -> active):
  custom:framework-win-MediaFoundation: 216162199b28c13a410421893ffa2e32 -> 
  custom:video-decoder-ogg-theora: a1e56fd34408186e4bbccfd4996cb3dc -> 
  custom:container-muxer-webm: aa71ff27fc2769a1b78a27578f13a17b -> 
  custom:container-demuxer-webm: 4f35f7cbe854078d1ac9338744f61a02 -> 
  custom:container-demuxer-ogg: 62fdf1f143b41e24485cea50d1cbac27 -> 
  custom:video-encoder-webm-vp8: eb34c28f22e8b96e1ab97ce403110664 -> 
  custom:video-codec-MediaFoundation-h265: 746d11721c4dcdbdad8f713fa42b33f4 -> 
  custom:video-decoder-webm-vp8: 9c59270c3fd7afecdb556c50c9e8de78 -> 
  custom:audio-decoder-ogg-vorbis: bf7c407c2cedff20999df2af8eb42d56 -> 
  custom:audio-encoder-webm-vorbis: bf7c407c2cedff20999df2af8eb42d56 -> 
========================================================================
Received Prepare
Registering precompiled user dll's ...
Registered in 0.008491 seconds.
Begin MonoManager ReloadAssembly
Native extension for LinuxStandalone target not found
Native extension for WindowsStandalone target not found
Native extension for OSXStandalone target not found
Native extension for WebGL target not found
Refreshing native plugins compatible for Editor in 0.81 ms, found 2 plugins.
Preloading 0 native plugins for Editor in 0.00 ms.
Mono: successfully reloaded assembly
- Completed reload, in  1.368 seconds
Domain Reload Profiling:
	ReloadAssembly (1368ms)
		BeginReloadAssembly (135ms)
			ExecutionOrderSort (0ms)
			DisableScriptedObjects (5ms)
			BackupInstance (0ms)
			ReleaseScriptingObjects (0ms)
			CreateAndSetChildDomain (38ms)
		EndReloadAssembly (1161ms)
			LoadAssemblies (106ms)
			RebuildTransferFunctionScriptingTraits (0ms)
			SetupTypeCache (355ms)
			ReleaseScriptCaches (1ms)
			RebuildScriptCaches (47ms)
			SetupLoadedEditorAssemblies (541ms)
				LogAssemblyErrors (0ms)
				InitializePlatformSupportModulesInManaged (8ms)
				SetLoadedEditorAssemblies (0ms)
				RefreshPlugins (1ms)
				BeforeProcessingInitializeOnLoad (106ms)
				ProcessInitializeOnLoadAttributes (407ms)
				ProcessInitializeOnLoadMethodAttributes (8ms)
				AfterProcessingInitializeOnLoad (11ms)
				EditorAssembliesLoaded (0ms)
			ExecutionOrderSort2 (0ms)
			AwakeInstancesAfterBackupRestoration (7ms)
Platform modules already initialized, skipping
Refreshing native plugins compatible for Editor in 0.66 ms, found 2 plugins.
Preloading 0 native plugins for Editor in 0.00 ms.
Unloading 3223 Unused Serialized files (Serialized files now loaded: 0)
System memory in use before: 166.5 MB.
System memory in use after: 166.7 MB.

Unloading 16 unused Assets to reduce memory usage. Loaded Objects now: 3810.
Total: 5.822300 ms (FindLiveObjects: 0.672100 ms CreateObjectMapping: 0.425600 ms MarkObjects: 4.701200 ms  DeleteObjects: 0.021200 ms)

AssetImportParameters requested are different than current active one (requested -> active):
  custom:framework-win-MediaFoundation: 216162199b28c13a410421893ffa2e32 -> 
  custom:video-decoder-ogg-theora: a1e56fd34408186e4bbccfd4996cb3dc -> 
  custom:container-muxer-webm: aa71ff27fc2769a1b78a27578f13a17b -> 
  custom:container-demuxer-webm: 4f35f7cbe854078d1ac9338744f61a02 -> 
  custom:container-demuxer-ogg: 62fdf1f143b41e24485cea50d1cbac27 -> 
  custom:video-encoder-webm-vp8: eb34c28f22e8b96e1ab97ce403110664 -> 
  custom:video-codec-MediaFoundation-h265: 746d11721c4dcdbdad8f713fa42b33f4 -> 
  custom:video-decoder-webm-vp8: 9c59270c3fd7afecdb556c50c9e8de78 -> 
  custom:audio-decoder-ogg-vorbis: bf7c407c2cedff20999df2af8eb42d56 -> 
  custom:audio-encoder-webm-vorbis: bf7c407c2cedff20999df2af8eb42d56 -> 
========================================================================
Received Prepare
Registering precompiled user dll's ...
Registered in 0.008340 seconds.
Begin MonoManager ReloadAssembly
Native extension for LinuxStandalone target not found
Native extension for WindowsStandalone target not found
Native extension for OSXStandalone target not found
Native extension for WebGL target not found
Refreshing native plugins compatible for Editor in 0.64 ms, found 2 plugins.
Preloading 0 native plugins for Editor in 0.00 ms.
Mono: successfully reloaded assembly
- Completed reload, in  2.637 seconds
Domain Reload Profiling:
	ReloadAssembly (2638ms)
		BeginReloadAssembly (142ms)
			ExecutionOrderSort (0ms)
			DisableScriptedObjects (5ms)
			BackupInstance (0ms)
			ReleaseScriptingObjects (0ms)
			CreateAndSetChildDomain (47ms)
		EndReloadAssembly (2420ms)
			LoadAssemblies (116ms)
			RebuildTransferFunctionScriptingTraits (0ms)
			SetupTypeCache (398ms)
			ReleaseScriptCaches (1ms)
			RebuildScriptCaches (50ms)
			SetupLoadedEditorAssemblies (1734ms)
				LogAssemblyErrors (0ms)
				InitializePlatformSupportModulesInManaged (10ms)
				SetLoadedEditorAssemblies (0ms)
				RefreshPlugins (1ms)
				BeforeProcessingInitializeOnLoad (112ms)
				ProcessInitializeOnLoadAttributes (1556ms)
				ProcessInitializeOnLoadMethodAttributes (36ms)
				AfterProcessingInitializeOnLoad (18ms)
				EditorAssembliesLoaded (0ms)
			ExecutionOrderSort2 (0ms)
			AwakeInstancesAfterBackupRestoration (7ms)
Platform modules already initialized, skipping
Refreshing native plugins compatible for Editor in 0.65 ms, found 2 plugins.
Preloading 0 native plugins for Editor in 0.00 ms.
Unloading 3223 Unused Serialized files (Serialized files now loaded: 0)
System memory in use before: 166.5 MB.
System memory in use after: 166.7 MB.

Unloading 16 unused Assets to reduce memory usage. Loaded Objects now: 3813.
Total: 5.189400 ms (FindLiveObjects: 0.402400 ms CreateObjectMapping: 0.259700 ms MarkObjects: 4.491500 ms  DeleteObjects: 0.035000 ms)

AssetImportParameters requested are different than current active one (requested -> active):
  custom:framework-win-MediaFoundation: 216162199b28c13a410421893ffa2e32 -> 
  custom:video-decoder-ogg-theora: a1e56fd34408186e4bbccfd4996cb3dc -> 
  custom:container-muxer-webm: aa71ff27fc2769a1b78a27578f13a17b -> 
  custom:container-demuxer-webm: 4f35f7cbe854078d1ac9338744f61a02 -> 
  custom:container-demuxer-ogg: 62fdf1f143b41e24485cea50d1cbac27 -> 
  custom:video-encoder-webm-vp8: eb34c28f22e8b96e1ab97ce403110664 -> 
  custom:video-codec-MediaFoundation-h265: 746d11721c4dcdbdad8f713fa42b33f4 -> 
  custom:video-decoder-webm-vp8: 9c59270c3fd7afecdb556c50c9e8de78 -> 
  custom:audio-decoder-ogg-vorbis: bf7c407c2cedff20999df2af8eb42d56 -> 
  custom:audio-encoder-webm-vorbis: bf7c407c2cedff20999df2af8eb42d56 -> 
========================================================================
Received Import Request.
  Time since last request: 947.530760 seconds.
  path: Assets/Art/Character/NakedClementine/SexyClementine.prefab
  artifactKey: Guid(040e6b745ccba0549b4afb8b81bd4943) Importer(815301076,1909f56bfc062723c751e8b465ee728b)
Start importing Assets/Art/Character/NakedClementine/SexyClementine.prefab using Guid(040e6b745ccba0549b4afb8b81bd4943) Importer(815301076,1909f56bfc062723c751e8b465ee728b)  -> (artifact id: '3c810999ed81da789df36ceab6d2da73') in 0.114656 seconds 
  Import took 0.123584 seconds .

========================================================================
Received Prepare
Registering precompiled user dll's ...
Registered in 0.007176 seconds.
Begin MonoManager ReloadAssembly
Native extension for LinuxStandalone target not found
Native extension for WindowsStandalone target not found
Native extension for OSXStandalone target not found
Native extension for WebGL target not found
Refreshing native plugins compatible for Editor in 1.58 ms, found 2 plugins.
Preloading 0 native plugins for Editor in 0.00 ms.
Mono: successfully reloaded assembly
- Completed reload, in  1.458 seconds
Domain Reload Profiling:
	ReloadAssembly (1459ms)
		BeginReloadAssembly (142ms)
			ExecutionOrderSort (0ms)
			DisableScriptedObjects (6ms)
			BackupInstance (0ms)
			ReleaseScriptingObjects (0ms)
			CreateAndSetChildDomain (47ms)
		EndReloadAssembly (1248ms)
			LoadAssemblies (114ms)
			RebuildTransferFunctionScriptingTraits (0ms)
			SetupTypeCache (366ms)
			ReleaseScriptCaches (2ms)
			RebuildScriptCaches (59ms)
			SetupLoadedEditorAssemblies (573ms)
				LogAssemblyErrors (0ms)
				InitializePlatformSupportModulesInManaged (9ms)
				SetLoadedEditorAssemblies (1ms)
				RefreshPlugins (2ms)
				BeforeProcessingInitializeOnLoad (117ms)
				ProcessInitializeOnLoadAttributes (421ms)
				ProcessInitializeOnLoadMethodAttributes (11ms)
				AfterProcessingInitializeOnLoad (12ms)
				EditorAssembliesLoaded (0ms)
			ExecutionOrderSort2 (0ms)
			AwakeInstancesAfterBackupRestoration (7ms)
Platform modules already initialized, skipping
Refreshing native plugins compatible for Editor in 0.67 ms, found 2 plugins.
Preloading 0 native plugins for Editor in 0.00 ms.
Unloading 3223 Unused Serialized files (Serialized files now loaded: 0)
System memory in use before: 166.5 MB.
System memory in use after: 166.8 MB.

Unloading 16 unused Assets to reduce memory usage. Loaded Objects now: 3817.
Total: 5.521700 ms (FindLiveObjects: 0.281700 ms CreateObjectMapping: 0.128000 ms MarkObjects: 5.085800 ms  DeleteObjects: 0.024900 ms)

AssetImportParameters requested are different than current active one (requested -> active):
  custom:framework-win-MediaFoundation: 216162199b28c13a410421893ffa2e32 -> 
  custom:video-decoder-ogg-theora: a1e56fd34408186e4bbccfd4996cb3dc -> 
  custom:container-muxer-webm: aa71ff27fc2769a1b78a27578f13a17b -> 
  custom:container-demuxer-webm: 4f35f7cbe854078d1ac9338744f61a02 -> 
  custom:container-demuxer-ogg: 62fdf1f143b41e24485cea50d1cbac27 -> 
  custom:video-encoder-webm-vp8: eb34c28f22e8b96e1ab97ce403110664 -> 
  custom:video-codec-MediaFoundation-h265: 746d11721c4dcdbdad8f713fa42b33f4 -> 
  custom:video-decoder-webm-vp8: 9c59270c3fd7afecdb556c50c9e8de78 -> 
  custom:audio-decoder-ogg-vorbis: bf7c407c2cedff20999df2af8eb42d56 -> 
  custom:audio-encoder-webm-vorbis: bf7c407c2cedff20999df2af8eb42d56 -> 
========================================================================
Received Prepare
Registering precompiled user dll's ...
Registered in 0.007079 seconds.
Begin MonoManager ReloadAssembly
Native extension for LinuxStandalone target not found
Native extension for WindowsStandalone target not found
Native extension for OSXStandalone target not found
Native extension for WebGL target not found
Refreshing native plugins compatible for Editor in 0.68 ms, found 2 plugins.
Preloading 0 native plugins for Editor in 0.00 ms.
Mono: successfully reloaded assembly
- Completed reload, in  1.401 seconds
Domain Reload Profiling:
	ReloadAssembly (1401ms)
		BeginReloadAssembly (126ms)
			ExecutionOrderSort (0ms)
			DisableScriptedObjects (5ms)
			BackupInstance (0ms)
			ReleaseScriptingObjects (0ms)
			CreateAndSetChildDomain (41ms)
		EndReloadAssembly (1202ms)
			LoadAssemblies (113ms)
			RebuildTransferFunctionScriptingTraits (0ms)
			SetupTypeCache (368ms)
			ReleaseScriptCaches (2ms)
			RebuildScriptCaches (46ms)
			SetupLoadedEditorAssemblies (560ms)
				LogAssemblyErrors (0ms)
				InitializePlatformSupportModulesInManaged (9ms)
				SetLoadedEditorAssemblies (0ms)
				RefreshPlugins (1ms)
				BeforeProcessingInitializeOnLoad (101ms)
				ProcessInitializeOnLoadAttributes (430ms)
				ProcessInitializeOnLoadMethodAttributes (9ms)
				AfterProcessingInitializeOnLoad (10ms)
				EditorAssembliesLoaded (0ms)
			ExecutionOrderSort2 (0ms)
			AwakeInstancesAfterBackupRestoration (7ms)
Platform modules already initialized, skipping
Refreshing native plugins compatible for Editor in 0.68 ms, found 2 plugins.
Preloading 0 native plugins for Editor in 0.00 ms.
Unloading 3223 Unused Serialized files (Serialized files now loaded: 0)
System memory in use before: 166.5 MB.
System memory in use after: 166.8 MB.

Unloading 16 unused Assets to reduce memory usage. Loaded Objects now: 3820.
Total: 4.774200 ms (FindLiveObjects: 0.387400 ms CreateObjectMapping: 0.310300 ms MarkObjects: 4.043100 ms  DeleteObjects: 0.031900 ms)

AssetImportParameters requested are different than current active one (requested -> active):
  custom:framework-win-MediaFoundation: 216162199b28c13a410421893ffa2e32 -> 
  custom:video-decoder-ogg-theora: a1e56fd34408186e4bbccfd4996cb3dc -> 
  custom:container-muxer-webm: aa71ff27fc2769a1b78a27578f13a17b -> 
  custom:container-demuxer-webm: 4f35f7cbe854078d1ac9338744f61a02 -> 
  custom:container-demuxer-ogg: 62fdf1f143b41e24485cea50d1cbac27 -> 
  custom:video-encoder-webm-vp8: eb34c28f22e8b96e1ab97ce403110664 -> 
  custom:video-codec-MediaFoundation-h265: 746d11721c4dcdbdad8f713fa42b33f4 -> 
  custom:video-decoder-webm-vp8: 9c59270c3fd7afecdb556c50c9e8de78 -> 
  custom:audio-decoder-ogg-vorbis: bf7c407c2cedff20999df2af8eb42d56 -> 
  custom:audio-encoder-webm-vorbis: bf7c407c2cedff20999df2af8eb42d56 -> 
========================================================================
Received Prepare
Registering precompiled user dll's ...
Registered in 0.007087 seconds.
Begin MonoManager ReloadAssembly
Native extension for LinuxStandalone target not found
Native extension for WindowsStandalone target not found
Native extension for OSXStandalone target not found
Native extension for WebGL target not found
Refreshing native plugins compatible for Editor in 0.67 ms, found 2 plugins.
Preloading 0 native plugins for Editor in 0.00 ms.
Mono: successfully reloaded assembly
- Completed reload, in  1.486 seconds
Domain Reload Profiling:
	ReloadAssembly (1487ms)
		BeginReloadAssembly (148ms)
			ExecutionOrderSort (0ms)
			DisableScriptedObjects (5ms)
			BackupInstance (0ms)
			ReleaseScriptingObjects (0ms)
			CreateAndSetChildDomain (46ms)
		EndReloadAssembly (1256ms)
			LoadAssemblies (121ms)
			RebuildTransferFunctionScriptingTraits (0ms)
			SetupTypeCache (400ms)
			ReleaseScriptCaches (2ms)
			RebuildScriptCaches (46ms)
			SetupLoadedEditorAssemblies (575ms)
				LogAssemblyErrors (0ms)
				InitializePlatformSupportModulesInManaged (8ms)
				SetLoadedEditorAssemblies (0ms)
				RefreshPlugins (1ms)
				BeforeProcessingInitializeOnLoad (109ms)
				ProcessInitializeOnLoadAttributes (438ms)
				ProcessInitializeOnLoadMethodAttributes (8ms)
				AfterProcessingInitializeOnLoad (10ms)
				EditorAssembliesLoaded (0ms)
			ExecutionOrderSort2 (0ms)
			AwakeInstancesAfterBackupRestoration (6ms)
Platform modules already initialized, skipping
Refreshing native plugins compatible for Editor in 0.64 ms, found 2 plugins.
Preloading 0 native plugins for Editor in 0.00 ms.
Unloading 3223 Unused Serialized files (Serialized files now loaded: 0)
System memory in use before: 166.5 MB.
System memory in use after: 166.8 MB.

Unloading 16 unused Assets to reduce memory usage. Loaded Objects now: 3823.
Total: 5.082600 ms (FindLiveObjects: 0.437300 ms CreateObjectMapping: 0.299000 ms MarkObjects: 4.321200 ms  DeleteObjects: 0.022800 ms)

AssetImportParameters requested are different than current active one (requested -> active):
  custom:framework-win-MediaFoundation: 216162199b28c13a410421893ffa2e32 -> 
  custom:video-decoder-ogg-theora: a1e56fd34408186e4bbccfd4996cb3dc -> 
  custom:container-muxer-webm: aa71ff27fc2769a1b78a27578f13a17b -> 
  custom:container-demuxer-webm: 4f35f7cbe854078d1ac9338744f61a02 -> 
  custom:container-demuxer-ogg: 62fdf1f143b41e24485cea50d1cbac27 -> 
  custom:video-encoder-webm-vp8: eb34c28f22e8b96e1ab97ce403110664 -> 
  custom:video-codec-MediaFoundation-h265: 746d11721c4dcdbdad8f713fa42b33f4 -> 
  custom:video-decoder-webm-vp8: 9c59270c3fd7afecdb556c50c9e8de78 -> 
  custom:audio-decoder-ogg-vorbis: bf7c407c2cedff20999df2af8eb42d56 -> 
  custom:audio-encoder-webm-vorbis: bf7c407c2cedff20999df2af8eb42d56 -> 
========================================================================
Received Prepare
Registering precompiled user dll's ...
Registered in 0.006524 seconds.
Begin MonoManager ReloadAssembly
Native extension for LinuxStandalone target not found
Native extension for WindowsStandalone target not found
Native extension for OSXStandalone target not found
Native extension for WebGL target not found
Refreshing native plugins compatible for Editor in 0.65 ms, found 2 plugins.
Preloading 0 native plugins for Editor in 0.00 ms.
Mono: successfully reloaded assembly
- Completed reload, in  1.381 seconds
Domain Reload Profiling:
	ReloadAssembly (1382ms)
		BeginReloadAssembly (141ms)
			ExecutionOrderSort (0ms)
			DisableScriptedObjects (4ms)
			BackupInstance (0ms)
			ReleaseScriptingObjects (0ms)
			CreateAndSetChildDomain (45ms)
		EndReloadAssembly (1169ms)
			LoadAssemblies (110ms)
			RebuildTransferFunctionScriptingTraits (0ms)
			SetupTypeCache (350ms)
			ReleaseScriptCaches (1ms)
			RebuildScriptCaches (47ms)
			SetupLoadedEditorAssemblies (556ms)
				LogAssemblyErrors (0ms)
				InitializePlatformSupportModulesInManaged (8ms)
				SetLoadedEditorAssemblies (0ms)
				RefreshPlugins (1ms)
				BeforeProcessingInitializeOnLoad (102ms)
				ProcessInitializeOnLoadAttributes (426ms)
				ProcessInitializeOnLoadMethodAttributes (9ms)
				AfterProcessingInitializeOnLoad (10ms)
				EditorAssembliesLoaded (0ms)
			ExecutionOrderSort2 (0ms)
			AwakeInstancesAfterBackupRestoration (6ms)
Platform modules already initialized, skipping
Refreshing native plugins compatible for Editor in 0.64 ms, found 2 plugins.
Preloading 0 native plugins for Editor in 0.00 ms.
Unloading 3223 Unused Serialized files (Serialized files now loaded: 0)
System memory in use before: 166.5 MB.
System memory in use after: 166.8 MB.

Unloading 16 unused Assets to reduce memory usage. Loaded Objects now: 3826.
Total: 5.311700 ms (FindLiveObjects: 0.507600 ms CreateObjectMapping: 0.337100 ms MarkObjects: 4.444700 ms  DeleteObjects: 0.021400 ms)

AssetImportParameters requested are different than current active one (requested -> active):
  custom:framework-win-MediaFoundation: 216162199b28c13a410421893ffa2e32 -> 
  custom:video-decoder-ogg-theora: a1e56fd34408186e4bbccfd4996cb3dc -> 
  custom:container-muxer-webm: aa71ff27fc2769a1b78a27578f13a17b -> 
  custom:container-demuxer-webm: 4f35f7cbe854078d1ac9338744f61a02 -> 
  custom:container-demuxer-ogg: 62fdf1f143b41e24485cea50d1cbac27 -> 
  custom:video-encoder-webm-vp8: eb34c28f22e8b96e1ab97ce403110664 -> 
  custom:video-codec-MediaFoundation-h265: 746d11721c4dcdbdad8f713fa42b33f4 -> 
  custom:video-decoder-webm-vp8: 9c59270c3fd7afecdb556c50c9e8de78 -> 
  custom:audio-decoder-ogg-vorbis: bf7c407c2cedff20999df2af8eb42d56 -> 
  custom:audio-encoder-webm-vorbis: bf7c407c2cedff20999df2af8eb42d56 -> 
AssetImportWorkerClient::OnTransportError - code=2 error=End of file
